[2024-05-31 02:01:06,631][root][INFO] - Worker registered:localhost:50052
[2024-05-31 02:01:45,687][root][INFO] - Worker registered:localhost:50052
[2024-05-31 02:02:05,609][root][INFO] - Worker registered:localhost:50052
[2024-05-31 02:02:23,931][root][INFO] - Worker registered:localhost:50052
[2024-05-31 02:03:30,137][root][INFO] - Worker registered:localhost:50052
[2024-05-31 02:04:42,004][root][INFO] - Worker registered:localhost:50052
[2024-05-31 02:05:37,615][ZKPProver][INFO] - Worker registered:localhost:50052
[2024-05-31 02:08:32,200][ZKPProver][INFO] - Worker registered:localhost:50052
[2024-05-31 02:08:52,887][ZKPProver][INFO] - Worker registered:localhost:50052
[2024-05-31 02:09:14,275][ZKPProver][INFO] - Worker registered:localhost:50052
[2024-05-31 02:10:29,383][ZKPProver][INFO] - Worker registered:localhost:50052
[2024-05-31 02:11:09,447][ZKPProver][INFO] - Worker registered:localhost:50052
[2024-05-31 02:12:38,892][ZKPProver][INFO] - Worker registered:localhost:50052
[2024-05-31 02:28:08,638][ZKPProver][INFO] - Worker registered:localhost:50052
[2024-05-31 04:08:16,481][ZKPProver][INFO] - Worker registered:localhost:50052
[2024-05-31 04:11:36,527][ZKPProver][INFO] - Worker registered:localhost:50052
[2024-05-31 04:20:45,984][ZKPProver][INFO] - Worker registered:localhost:50052
[2024-05-31 04:21:26,218][ZKPProver][INFO] - Worker registered:localhost:50052
[2024-05-31 04:22:14,674][ZKPProver][INFO] - Worker registered:localhost:50052
[2024-05-31 04:22:42,289][ZKPProver][INFO] - Worker registered:localhost:50052
[2024-05-31 04:24:08,678][ZKPProver][INFO] - Worker registered:localhost:50052
[2024-05-31 04:24:44,915][ZKPProver][INFO] - Worker registered:localhost:50052
[2024-05-31 04:34:11,199][ZKPProver][INFO] - Worker registered:localhost:50052
[2024-05-31 04:34:39,760][ZKPProver][INFO] - Worker registered:localhost:50052
[2024-05-31 04:34:53,931][ZKPProver][INFO] - Worker registered:localhost:50052
[2024-05-31 04:38:03,093][ZKPProver][INFO] - Worker registered:localhost:50052
[2024-05-31 04:39:28,048][ZKPProver][INFO] - Worker registered:localhost:50052
[2024-05-31 04:58:46,668][ZKPProver][INFO] - Worker registered:localhost:50052
[2024-05-31 05:32:31,525][ZKPProver][INFO] - Worker registered:localhost:50052
[2024-05-31 05:32:32,868][tract_onnx.model][WARNING] - ONNX operator for your model is 20, tract is only tested against operator set 9 to 18 (included). Your model may still work so this is not a hard fail.
[2024-05-31 05:34:11,770][ZKPProver][INFO] - Worker registered:localhost:50052
[2024-05-31 05:34:13,061][tract_onnx.model][WARNING] - ONNX operator for your model is 20, tract is only tested against operator set 9 to 18 (included). Your model may still work so this is not a hard fail.
[2024-05-31 05:34:35,394][tract_onnx.model][WARNING] - ONNX operator for your model is 20, tract is only tested against operator set 9 to 18 (included). Your model may still work so this is not a hard fail.
[2024-05-31 05:34:35,509][ezkl.execute][INFO] - num calibration batches: 1
[2024-05-31 05:34:35,577][tract_onnx.model][WARNING] - ONNX operator for your model is 20, tract is only tested against operator set 9 to 18 (included). Your model may still work so this is not a hard fail.
[2024-05-31 05:34:35,602][tract_linalg.x86_64_fma][INFO] - qmmm_i32: x86_64/avx2 activated
[2024-05-31 05:34:35,603][tract_linalg.x86_64_fma][INFO] - mmm_f32, mmv_f32, sigmoid_f32, tanh_f32: x86_64/fma activated
[2024-05-31 05:34:38,286][tract_onnx.model][WARNING] - ONNX operator for your model is 20, tract is only tested against operator set 9 to 18 (included). Your model may still work so this is not a hard fail.
[2024-05-31 05:35:43,227][ezkl.circuit.table][WARNING] - Using 6 columns for non-linearity table.
[2024-05-31 05:35:43,239][ezkl.circuit.table][WARNING] - Using 6 columns for non-linearity table.
[2024-05-31 05:35:43,247][ezkl.circuit.table][WARNING] - Using 6 columns for non-linearity table.
[2024-05-31 05:35:43,257][ezkl.circuit.table][WARNING] - Using 11 columns for non-linearity table.
[2024-05-31 05:35:43,278][ezkl.circuit.table][WARNING] - Using 11 columns for non-linearity table.
[2024-05-31 05:35:43,298][ezkl.circuit.table][WARNING] - Using 11 columns for non-linearity table.
[2024-05-31 05:35:43,323][ezkl.execute][ERROR] - calibration failed extended k is too large to accommodate the quotient polynomial with logrows 13
[2024-05-31 05:35:43,366][tract_onnx.model][WARNING] - ONNX operator for your model is 20, tract is only tested against operator set 9 to 18 (included). Your model may still work so this is not a hard fail.
[2024-05-31 05:37:34,540][tract_onnx.model][WARNING] - ONNX operator for your model is 20, tract is only tested against operator set 9 to 18 (included). Your model may still work so this is not a hard fail.
[2024-05-31 05:38:32,497][ezkl.execute][ERROR] - calibration failed max lookup input (-174307012739, 169578546234) is too large
[2024-05-31 05:38:32,572][tract_onnx.model][WARNING] - ONNX operator for your model is 20, tract is only tested against operator set 9 to 18 (included). Your model may still work so this is not a hard fail.
[2024-05-31 06:10:39,891][ZKPProver][INFO] - Worker registered:localhost:50052
[2024-05-31 06:11:12,924][ZKPProver][INFO] - Worker registered:localhost:50052
[2024-05-31 06:11:47,466][ZKPProver][INFO] - Worker registered:localhost:50052
[2024-05-31 06:12:56,581][ZKPProver][INFO] - Worker registered:localhost:50052
[2024-05-31 06:13:40,560][ZKPProver][INFO] - Worker registered:localhost:50052
[2024-05-31 06:13:48,937][ZKPProver][INFO] - Received response from worker localhost:50052:message: "prove computed and verified"

[2024-05-31 06:17:57,825][ZKPProver][INFO] - Worker registered:localhost:50052
[2024-05-31 06:18:32,437][ZKPProver][INFO] - Worker registered:localhost:50052
[2024-05-31 06:29:39,303][ZKPProver][INFO] - Worker registered:localhost:50052
[2024-05-31 06:31:16,964][ZKPProver][INFO] - Worker registered:localhost:50052
[2024-05-31 06:32:28,096][ZKPProver][INFO] - Worker registered:localhost:50052
[2024-05-31 06:32:57,633][ZKPProver][INFO] - Worker registered:localhost:50052
[2024-05-31 07:06:10,961][ZKPProver][INFO] - Worker registered:localhost:50052
[2024-05-31 07:09:08,903][ZKPProver][INFO] - Worker registered:localhost:50052
[2024-05-31 07:11:49,610][ZKPProver][INFO] - Worker registered:localhost:50052
[2024-05-31 07:23:15,862][ZKPProver][INFO] - Worker registered:localhost:50052
[2024-05-31 07:23:50,203][ZKPProver][INFO] - Worker registered:localhost:50052
[2024-05-31 07:32:06,954][ZKPProver][INFO] - Worker registered:localhost:50052
[2024-05-31 07:32:08,110][root][ERROR] - Exception in callback <function ZKPProver.send_grpc_request.<locals>.<lambda> at 0x7fa1a7079f30>: <_MultiThreadedRendezvous of RPC that terminated with:
	status = StatusCode.CANCELLED
	details = "Channel closed!"
	debug_error_string = "UNKNOWN:Error received from peer  {created_time:"2024-05-31T07:32:08.109741026+00:00", grpc_status:1, grpc_message:"Channel closed!"}"
>
[2024-05-31 07:32:36,238][ZKPProver][INFO] - Worker registered:localhost:50052
[2024-05-31 07:32:53,722][root][ERROR] - Exception in callback <function ZKPProver.send_grpc_request.<locals>.<lambda> at 0x7ff507079d80>: <_MultiThreadedRendezvous of RPC that terminated with:
	status = StatusCode.CANCELLED
	details = "Channel closed!"
	debug_error_string = "UNKNOWN:Error received from peer  {created_time:"2024-05-31T07:32:53.716371429+00:00", grpc_status:1, grpc_message:"Channel closed!"}"
>
[2024-05-31 07:35:29,314][ZKPProver][INFO] - Worker registered:localhost:50052
[2024-05-31 07:36:32,573][root][ERROR] - Exception in callback <function ZKPProver.send_grpc_request.<locals>.<lambda> at 0x7f273b67dc60>: <_MultiThreadedRendezvous of RPC that terminated with:
	status = StatusCode.UNAVAILABLE
	details = "Socket closed"
	debug_error_string = "UNKNOWN:Error received from peer  {created_time:"2024-05-31T07:36:03.877818543+00:00", grpc_status:14, grpc_message:"Socket closed"}"
>
[2024-05-31 07:36:56,387][ZKPProver][INFO] - Worker registered:localhost:50052
[2024-05-31 07:37:22,237][ZKPProver][INFO] - Worker registered:localhost:50052
[2024-05-31 07:37:34,931][root][ERROR] - Exception in callback <function ZKPProver.send_grpc_request.<locals>.<lambda> at 0x7f196d57dd80>: <_MultiThreadedRendezvous of RPC that terminated with:
	status = StatusCode.CANCELLED
	details = "Channel closed!"
	debug_error_string = "UNKNOWN:Error received from peer  {grpc_message:"Channel closed!", grpc_status:1, created_time:"2024-05-31T07:37:34.930777736+00:00"}"
>
[2024-05-31 07:38:24,556][ZKPProver][INFO] - Worker registered:localhost:50052
[2024-05-31 07:38:25,580][root][ERROR] - Exception in callback <function ZKPProver.send_grpc_request.<locals>.<lambda> at 0x7fe015081cf0>: <_MultiThreadedRendezvous of RPC that terminated with:
	status = StatusCode.CANCELLED
	details = "Channel closed!"
	debug_error_string = "UNKNOWN:Error received from peer  {grpc_message:"Channel closed!", grpc_status:1, created_time:"2024-05-31T07:38:25.57962666+00:00"}"
>
[2024-05-31 07:38:51,644][ZKPProver][INFO] - Worker registered:localhost:50052
[2024-05-31 07:40:03,693][ZKPProver][INFO] - Worker registered:localhost:50052
[2024-05-31 07:40:07,495][root][ERROR] - Exception in callback <function ZKPProver.send_grpc_request.<locals>.<lambda> at 0x7fae1dd71cf0>: <_MultiThreadedRendezvous of RPC that terminated with:
	status = StatusCode.CANCELLED
	details = "Channel closed!"
	debug_error_string = "UNKNOWN:Error received from peer  {created_time:"2024-05-31T07:40:07.494819816+00:00", grpc_status:1, grpc_message:"Channel closed!"}"
>
[2024-05-31 07:42:39,014][ZKPProver][INFO] - Worker registered:localhost:50052
[2024-05-31 07:42:39,928][root][ERROR] - Exception in callback <function ZKPProver.send_grpc_request.<locals>.<lambda> at 0x7f1968765ab0>: <_MultiThreadedRendezvous of RPC that terminated with:
	status = StatusCode.CANCELLED
	details = "Channel closed!"
	debug_error_string = "UNKNOWN:Error received from peer  {grpc_message:"Channel closed!", grpc_status:1, created_time:"2024-05-31T07:42:39.928284244+00:00"}"
>
[2024-05-31 07:43:10,902][ZKPProver][INFO] - Worker registered:localhost:50052
[2024-05-31 07:43:14,436][root][ERROR] - Exception in callback <function ZKPProver.send_grpc_request.<locals>.<lambda> at 0x7ff8b847dbd0>: <_MultiThreadedRendezvous of RPC that terminated with:
	status = StatusCode.CANCELLED
	details = "Channel closed!"
	debug_error_string = "UNKNOWN:Error received from peer  {created_time:"2024-05-31T07:43:14.43573781+00:00", grpc_status:1, grpc_message:"Channel closed!"}"
>
[2024-05-31 07:43:55,215][ZKPProver][INFO] - Worker registered:localhost:50052
[2024-05-31 07:44:24,274][ZKPProver][INFO] - Worker registered:localhost:50052
[2024-05-31 07:45:43,480][ZKPProver][INFO] - Worker registered:localhost:50052
[2024-05-31 07:45:56,925][ZKPProver][INFO] - Worker registered:localhost:50052
[2024-05-31 07:46:25,458][ZKPProver][INFO] - Worker registered:localhost:50052
[2024-05-31 07:46:42,912][ZKPProver][INFO] - Worker registered:localhost:50052
[2024-05-31 07:49:21,724][ZKPProver][INFO] - Worker registered:localhost:50052
[2024-05-31 07:49:55,972][ZKPProver][INFO] - Worker registered:localhost:50052
[2024-05-31 07:51:56,035][ZKPProver][INFO] - Worker registered:localhost:50052
[2024-05-31 07:51:56,050][ZKPProver][INFO] - Worker registered:localhost:50053
[2024-05-31 09:17:24,512][ZKPProver][INFO] - Worker registered:localhost:50052
[2024-05-31 09:17:52,573][ZKPProver][INFO] - Worker registered:localhost:50052
[2024-05-31 09:18:38,540][ZKPProver][INFO] - Worker registered:localhost:50052
[2024-05-31 09:19:29,432][ZKPProver][INFO] - Worker registered:localhost:50052
[2024-05-31 09:20:00,550][ZKPProver][INFO] - Worker registered:localhost:50052
[2024-05-31 09:25:33,917][ZKPProver][INFO] - Worker registered:localhost:50052
[2024-05-31 09:26:32,602][ZKPProver][INFO] - Worker registered:localhost:50052
